<?xml version="1.0" encoding="UTF-8"?>
<testsuite name="cochoonsik.springbootdeveloper.controller.TokenApiControllerTest" tests="1" skipped="0" failures="0" errors="0" timestamp="2023-09-12T08:01:43" hostname="DESKTOP-FU56DD8" time="0.056">
  <properties/>
  <testcase name="createNewAccessToken: 새로운 액세스 토큰을 발급한다." classname="cochoonsik.springbootdeveloper.controller.TokenApiControllerTest" time="0.056"/>
  <system-out><![CDATA[2023-09-12T17:01:43.094+09:00  INFO 13016 --- [    Test worker] t.c.s.AnnotationConfigContextLoaderUtils : Could not detect default configuration classes for test class [cochoonsik.springbootdeveloper.controller.TokenApiControllerTest]: TokenApiControllerTest does not declare any static, non-private, non-final, nested classes annotated with @Configuration.
2023-09-12T17:01:43.099+09:00  INFO 13016 --- [    Test worker] .b.t.c.SpringBootTestContextBootstrapper : Found @SpringBootConfiguration cochoonsik.springbootdeveloper.SpringBootDeveloperApplication for test class cochoonsik.springbootdeveloper.controller.TokenApiControllerTest
2023-09-12T17:01:43.112+09:00  INFO 13016 --- [    Test worker] o.s.b.t.m.w.SpringBootMockServletContext : Initializing Spring TestDispatcherServlet ''
2023-09-12T17:01:43.112+09:00  INFO 13016 --- [    Test worker] o.s.t.web.servlet.TestDispatcherServlet  : Initializing Servlet ''
2023-09-12T17:01:43.114+09:00  INFO 13016 --- [    Test worker] o.s.t.web.servlet.TestDispatcherServlet  : Completed initialization in 2 ms
Hibernate: 
    select
        u1_0.id,
        u1_0.email,
        u1_0.nickname,
        u1_0.password 
    from
        users u1_0
Hibernate: 
    delete 
    from
        users 
    where
        id=?
Hibernate: 
    insert 
    into
        users
        (id, email, nickname, password) 
    values
        (default, ?, ?, ?)
Hibernate: 
    insert 
    into
        refresh_token
        (id, refresh_token, user_id) 
    values
        (default, ?, ?)
Hibernate: 
    select
        r1_0.id,
        r1_0.refresh_token,
        r1_0.user_id 
    from
        refresh_token r1_0 
    where
        r1_0.refresh_token=?
Hibernate: 
    select
        u1_0.id,
        u1_0.email,
        u1_0.nickname,
        u1_0.password 
    from
        users u1_0 
    where
        u1_0.id=?
]]></system-out>
  <system-err><![CDATA[]]></system-err>
</testsuite>
